Using pre-set license
Built from '2020.3/staging' branch; Version is '2020.3.16f1 (049d6eca3c44) revision 302446'; Using compiler version '192528614'; Build Type 'Release'
OS: 'Windows 10 Home; OS build 19043.1645; Version 2009; 64bit' Language: 'de' Physical Memory: 32686 MB
BatchMode: 1, IsHumanControllingUs: 0, StartBugReporterOnCrash: 0, Is64bit: 1, IsPro: 0

 COMMAND LINE ARGUMENTS:
D:\GeorgsProgramme\Unity\2020.3.16f1\Editor\Unity.exe
-adb2
-batchMode
-noUpm
-name
AssetImportWorker0
-projectPath
I:/a_Unity/RayMarchingFacharbeit
-logFile
Logs/AssetImportWorker0.log
-srvPort
51749
Successfully changed project path to: I:/a_Unity/RayMarchingFacharbeit
I:/a_Unity/RayMarchingFacharbeit
Using Asset Import Pipeline V2.
Refreshing native plugins compatible for Editor in 36.62 ms, found 2 plugins.
Preloading 0 native plugins for Editor in 0.00 ms.
Initialize engine version: 2020.3.16f1 (049d6eca3c44)
[Subsystems] Discovering subsystems at path D:/GeorgsProgramme/Unity/2020.3.16f1/Editor/Data/Resources/UnitySubsystems
[Subsystems] Discovering subsystems at path I:/a_Unity/RayMarchingFacharbeit/Assets
GfxDevice: creating device client; threaded=0
Direct3D:
    Version:  Direct3D 11.0 [level 11.1]
    Renderer: AMD Radeon RX 5700 (ID=0x731f)
    Vendor:   
    VRAM:     8151 MB
    Driver:   30.0.13023.4001
Initialize mono
Mono path[0] = 'D:/GeorgsProgramme/Unity/2020.3.16f1/Editor/Data/Managed'
Mono path[1] = 'D:/GeorgsProgramme/Unity/2020.3.16f1/Editor/Data/MonoBleedingEdge/lib/mono/unityjit'
Mono config path = 'D:/GeorgsProgramme/Unity/2020.3.16f1/Editor/Data/MonoBleedingEdge/etc'
Using monoOptions --debugger-agent=transport=dt_socket,embedding=1,server=y,suspend=n,address=127.0.0.1:56516
Begin MonoManager ReloadAssembly
Registering precompiled unity dll's ...
Register platform support module: D:/GeorgsProgramme/Unity/2020.3.16f1/Editor/Data/PlaybackEngines/WebGLSupport/UnityEditor.WebGL.Extensions.dll
Register platform support module: D:/GeorgsProgramme/Unity/2020.3.16f1/Editor/Data/PlaybackEngines/WindowsStandaloneSupport/UnityEditor.WindowsStandalone.Extensions.dll
Registered in 0.006304 seconds.
Native extension for WindowsStandalone target not found
Native extension for WebGL target not found
Refreshing native plugins compatible for Editor in 31.56 ms, found 2 plugins.
Preloading 0 native plugins for Editor in 0.00 ms.
Mono: successfully reloaded assembly
- Completed reload, in  1.830 seconds
Domain Reload Profiling:
	ReloadAssembly (1830ms)
		BeginReloadAssembly (98ms)
			ExecutionOrderSort (0ms)
			DisableScriptedObjects (0ms)
			BackupInstance (0ms)
			ReleaseScriptingObjects (0ms)
			CreateAndSetChildDomain (1ms)
		EndReloadAssembly (536ms)
			LoadAssemblies (92ms)
			RebuildTransferFunctionScriptingTraits (0ms)
			SetupTypeCache (223ms)
			ReleaseScriptCaches (0ms)
			RebuildScriptCaches (38ms)
			SetupLoadedEditorAssemblies (182ms)
				LogAssemblyErrors (0ms)
				InitializePlatformSupportModulesInManaged (6ms)
				SetLoadedEditorAssemblies (0ms)
				RefreshPlugins (32ms)
				BeforeProcessingInitializeOnLoad (19ms)
				ProcessInitializeOnLoadAttributes (93ms)
				ProcessInitializeOnLoadMethodAttributes (31ms)
				AfterProcessingInitializeOnLoad (0ms)
				EditorAssembliesLoaded (0ms)
			ExecutionOrderSort2 (0ms)
			AwakeInstancesAfterBackupRestoration (0ms)
Platform modules already initialized, skipping
Registering precompiled user dll's ...
Registered in 0.005016 seconds.
Begin MonoManager ReloadAssembly
Native extension for WindowsStandalone target not found
Native extension for WebGL target not found
Refreshing native plugins compatible for Editor in 0.64 ms, found 2 plugins.
Preloading 0 native plugins for Editor in 0.00 ms.
Mono: successfully reloaded assembly
- Completed reload, in  1.440 seconds
Domain Reload Profiling:
	ReloadAssembly (1441ms)
		BeginReloadAssembly (223ms)
			ExecutionOrderSort (0ms)
			DisableScriptedObjects (6ms)
			BackupInstance (0ms)
			ReleaseScriptingObjects (0ms)
			CreateAndSetChildDomain (25ms)
		EndReloadAssembly (1131ms)
			LoadAssemblies (129ms)
			RebuildTransferFunctionScriptingTraits (0ms)
			SetupTypeCache (330ms)
			ReleaseScriptCaches (0ms)
			RebuildScriptCaches (45ms)
			SetupLoadedEditorAssemblies (523ms)
				LogAssemblyErrors (0ms)
				InitializePlatformSupportModulesInManaged (15ms)
				SetLoadedEditorAssemblies (1ms)
				RefreshPlugins (1ms)
				BeforeProcessingInitializeOnLoad (113ms)
				ProcessInitializeOnLoadAttributes (370ms)
				ProcessInitializeOnLoadMethodAttributes (4ms)
				AfterProcessingInitializeOnLoad (18ms)
				EditorAssembliesLoaded (0ms)
			ExecutionOrderSort2 (0ms)
			AwakeInstancesAfterBackupRestoration (9ms)
Platform modules already initialized, skipping
========================================================================
Worker process is ready to serve import requests
Launched and connected shader compiler UnityShaderCompiler.exe after 0.07 seconds
Refreshing native plugins compatible for Editor in 0.45 ms, found 2 plugins.
Preloading 0 native plugins for Editor in 0.00 ms.
Unloading 1399 Unused Serialized files (Serialized files now loaded: 0)
System memory in use before: 64.9 MB.
System memory in use after: 65.0 MB.

Unloading 18 unused Assets to reduce memory usage. Loaded Objects now: 1832.
Total: 3.429200 ms (FindLiveObjects: 0.132100 ms CreateObjectMapping: 0.040600 ms MarkObjects: 3.166700 ms  DeleteObjects: 0.088400 ms)

AssetImportParameters requested are different than current active one (requested -> active):
  custom:framework-win-MediaFoundation: 216162199b28c13a410421893ffa2e32 -> 
  custom:video-decoder-ogg-theora: a1e56fd34408186e4bbccfd4996cb3dc -> 
  custom:container-muxer-webm: aa71ff27fc2769a1b78a27578f13a17b -> 
  custom:container-demuxer-webm: 4f35f7cbe854078d1ac9338744f61a02 -> 
  custom:container-demuxer-ogg: 62fdf1f143b41e24485cea50d1cbac27 -> 
  custom:video-encoder-webm-vp8: eb34c28f22e8b96e1ab97ce403110664 -> 
  custom:video-codec-MediaFoundation-h265: 746d11721c4dcdbdad8f713fa42b33f4 -> 
  custom:video-decoder-webm-vp8: 9c59270c3fd7afecdb556c50c9e8de78 -> 
  custom:audio-decoder-ogg-vorbis: bf7c407c2cedff20999df2af8eb42d56 -> 
  custom:audio-encoder-webm-vorbis: bf7c407c2cedff20999df2af8eb42d56 -> 
========================================================================
Received Import Request.
  path: Assets/Shader/FractalShader.compute
  artifactKey: Guid(99eff917fde009a42afddbe32d29a76d) Importer(815301076,1909f56bfc062723c751e8b465ee728b)
Start importing Assets/Shader/FractalShader.compute using Guid(99eff917fde009a42afddbe32d29a76d) Importer(815301076,1909f56bfc062723c751e8b465ee728b)  -> (artifact id: 'b50227333f17f1a56d17c4357ebe2d7e') in 0.079811 seconds 
  Import took 0.082186 seconds .

========================================================================
Received Import Request.
  Time since last request: 7.725424 seconds.
  path: Assets/Facharbeit Content
  artifactKey: Guid(b44e4a9b582584f4184391e021bf1e34) Importer(815301076,1909f56bfc062723c751e8b465ee728b)
Start importing Assets/Facharbeit Content using Guid(b44e4a9b582584f4184391e021bf1e34) Importer(815301076,1909f56bfc062723c751e8b465ee728b)  -> (artifact id: '9e2f15af34946bac6429e2600258314e') in 0.031459 seconds 
  Import took 0.033934 seconds .

========================================================================
Received Import Request.
  Time since last request: 0.000282 seconds.
  path: Assets/Facharbeit Content/Bugs.png
  artifactKey: Guid(bfcd052e91fa1de4a9e3a9e811027bb1) Importer(815301076,1909f56bfc062723c751e8b465ee728b)
Start importing Assets/Facharbeit Content/Bugs.png using Guid(bfcd052e91fa1de4a9e3a9e811027bb1) Importer(815301076,1909f56bfc062723c751e8b465ee728b)  -> (artifact id: 'f470062d32973a24f1a5fff45c1ced5e') in 0.119450 seconds 
  Import took 0.121993 seconds .

========================================================================
Received Import Request.
  Time since last request: 0.000305 seconds.
  path: Assets/Facharbeit Content/FachArbeitFractalResult.png
  artifactKey: Guid(42ada6a3b62237246abfbf8090fb210c) Importer(815301076,1909f56bfc062723c751e8b465ee728b)
Start importing Assets/Facharbeit Content/FachArbeitFractalResult.png using Guid(42ada6a3b62237246abfbf8090fb210c) Importer(815301076,1909f56bfc062723c751e8b465ee728b)  -> (artifact id: '93c877ea215665c355bb178ec834d643') in 0.040853 seconds 
  Import took 0.043063 seconds .

========================================================================
Received Import Request.
  Time since last request: 0.000308 seconds.
  path: Assets/Facharbeit Content/RaymarchHit.png
  artifactKey: Guid(f352257d28f97584fbe6d4778c75dbf8) Importer(815301076,1909f56bfc062723c751e8b465ee728b)
Start importing Assets/Facharbeit Content/RaymarchHit.png using Guid(f352257d28f97584fbe6d4778c75dbf8) Importer(815301076,1909f56bfc062723c751e8b465ee728b)  -> (artifact id: '69e0593fee37d9d0f3e2f0f4d7c18477') in 0.037493 seconds 
  Import took 0.039905 seconds .

========================================================================
Received Import Request.
  Time since last request: 0.000305 seconds.
  path: Assets/Facharbeit Content/FachArbeitAOResult.png
  artifactKey: Guid(82678cdb279fde846b5ded18dd30e910) Importer(815301076,1909f56bfc062723c751e8b465ee728b)
Start importing Assets/Facharbeit Content/FachArbeitAOResult.png using Guid(82678cdb279fde846b5ded18dd30e910) Importer(815301076,1909f56bfc062723c751e8b465ee728b)  -> (artifact id: '8c1764294bdd4cb2a84d28ef29942aab') in 0.036526 seconds 
  Import took 0.038777 seconds .

========================================================================
Received Prepare
Registering precompiled user dll's ...
Registered in 0.004812 seconds.
Begin MonoManager ReloadAssembly
Native extension for WindowsStandalone target not found
Native extension for WebGL target not found
Refreshing native plugins compatible for Editor in 0.33 ms, found 2 plugins.
Preloading 0 native plugins for Editor in 0.00 ms.
Mono: successfully reloaded assembly
- Completed reload, in  1.614 seconds
Domain Reload Profiling:
	ReloadAssembly (1615ms)
		BeginReloadAssembly (180ms)
			ExecutionOrderSort (0ms)
			DisableScriptedObjects (5ms)
			BackupInstance (0ms)
			ReleaseScriptingObjects (0ms)
			CreateAndSetChildDomain (43ms)
		EndReloadAssembly (1330ms)
			LoadAssemblies (139ms)
			RebuildTransferFunctionScriptingTraits (0ms)
			SetupTypeCache (471ms)
			ReleaseScriptCaches (1ms)
			RebuildScriptCaches (52ms)
			SetupLoadedEditorAssemblies (518ms)
				LogAssemblyErrors (0ms)
				InitializePlatformSupportModulesInManaged (18ms)
				SetLoadedEditorAssemblies (1ms)
				RefreshPlugins (0ms)
				BeforeProcessingInitializeOnLoad (158ms)
				ProcessInitializeOnLoadAttributes (320ms)
				ProcessInitializeOnLoadMethodAttributes (4ms)
				AfterProcessingInitializeOnLoad (16ms)
				EditorAssembliesLoaded (0ms)
			ExecutionOrderSort2 (0ms)
			AwakeInstancesAfterBackupRestoration (7ms)
Platform modules already initialized, skipping
Refreshing native plugins compatible for Editor in 0.42 ms, found 2 plugins.
Preloading 0 native plugins for Editor in 0.00 ms.
Unloading 1393 Unused Serialized files (Serialized files now loaded: 0)
System memory in use before: 64.8 MB.
System memory in use after: 64.9 MB.

Unloading 13 unused Assets to reduce memory usage. Loaded Objects now: 1837.
Total: 3.258900 ms (FindLiveObjects: 0.129500 ms CreateObjectMapping: 0.042600 ms MarkObjects: 3.047900 ms  DeleteObjects: 0.037900 ms)

AssetImportParameters requested are different than current active one (requested -> active):
  custom:framework-win-MediaFoundation: 216162199b28c13a410421893ffa2e32 -> 
  custom:video-decoder-ogg-theora: a1e56fd34408186e4bbccfd4996cb3dc -> 
  custom:container-muxer-webm: aa71ff27fc2769a1b78a27578f13a17b -> 
  custom:container-demuxer-webm: 4f35f7cbe854078d1ac9338744f61a02 -> 
  custom:container-demuxer-ogg: 62fdf1f143b41e24485cea50d1cbac27 -> 
  custom:video-encoder-webm-vp8: eb34c28f22e8b96e1ab97ce403110664 -> 
  custom:video-codec-MediaFoundation-h265: 746d11721c4dcdbdad8f713fa42b33f4 -> 
  custom:video-decoder-webm-vp8: 9c59270c3fd7afecdb556c50c9e8de78 -> 
  custom:audio-decoder-ogg-vorbis: bf7c407c2cedff20999df2af8eb42d56 -> 
  custom:audio-encoder-webm-vorbis: bf7c407c2cedff20999df2af8eb42d56 -> 
========================================================================
Received Import Request.
  Time since last request: 8.591249 seconds.
  path: Assets/Shader
  artifactKey: Guid(9a22368ffc02428459ac82b31b873465) Importer(815301076,1909f56bfc062723c751e8b465ee728b)
Start importing Assets/Shader using Guid(9a22368ffc02428459ac82b31b873465) Importer(815301076,1909f56bfc062723c751e8b465ee728b)  -> (artifact id: 'b1e06dc3d39eae75b02283b565a2f00b') in 0.032035 seconds 
  Import took 0.034309 seconds .

========================================================================
Received Import Request.
  Time since last request: 32.823792 seconds.
  path: Assets/Shader/RayMarchingShader.compute
  artifactKey: Guid(e66084ef756a44d4fbf78b999c385841) Importer(815301076,1909f56bfc062723c751e8b465ee728b)
Start importing Assets/Shader/RayMarchingShader.compute using Guid(e66084ef756a44d4fbf78b999c385841) Importer(815301076,1909f56bfc062723c751e8b465ee728b)  -> (artifact id: 'abd765af552b6001b4b32e0e0efd967b') in 0.042708 seconds 
  Import took 0.047342 seconds .

========================================================================
Received Import Request.
  Time since last request: 0.175156 seconds.
  path: Assets/Shader/RayMarchingShader.compute
  artifactKey: Guid(e66084ef756a44d4fbf78b999c385841) Importer(815301076,1909f56bfc062723c751e8b465ee728b)
Start importing Assets/Shader/RayMarchingShader.compute using Guid(e66084ef756a44d4fbf78b999c385841) Importer(815301076,1909f56bfc062723c751e8b465ee728b)  -> (artifact id: 'abd765af552b6001b4b32e0e0efd967b') in 0.032235 seconds 
  Import took 0.035509 seconds .

AssetImportWorkerClient::OnTransportError - code=2 error=End of file
